Name : Tanvir Hasan
RoH : 5
YRe8: 12101005
Sec : A
Pro8ramme : BscI En8ineerin8
DeptI : Computer Science and
Semester : First
Year : First
Total Credit : 21
Tota1 Credit comp1ete : 21
Name : Anup KumaI KaI
RoH : 33
YRe8: 121O1033
Sec : B
Pro8ramme : BscI En8ineerin8
DeptI : Computer Science and
Semester : First
Year : First
Total Credit : 21
Tota1 Credit comp1ete : 21
Name : Sayeem Hossian
RoH : V 46
YRe8: 121O1046
Sec : UNC
Pro8ramme : BscI En8ineerin8
DeptI : Computer Science and
Semester : V Second
Year : First
Total Credit : 21
Tota1 Credit comp1ete : 21
Name : Saifu1 1s1am
RoH : 32
YRe8: 121O1O32
Sec : BAR
Pro8ramme : BscI En8ineerin8
DeptI : Computer Science and
Semester : Fouttb
Year : Second
Total Credit : 21
Tota1 Credit comp1ete : 21
Name : Ehsun Ahmed Tanmoy
RoH : 29
YRe8: 121O1O29
Sec : GUT
Pro8ramme : BscI En8ineerin8
DeptI : Computer Science and
Semester : FoLmb
Year : Second
Total Credit : 21
Tota1 Credit comp1ete : 21
