\BOOKMARK [0][-]{chapter.1}{Introduction}{}% 1
\BOOKMARK [1][-]{section.1.1}{Objective}{chapter.1}% 2
\BOOKMARK [1][-]{section.1.2}{Motivation}{chapter.1}% 3
\BOOKMARK [1][-]{section.1.3}{Overview of this book}{chapter.1}% 4
\BOOKMARK [0][-]{chapter.2}{Background Study}{}% 5
\BOOKMARK [1][-]{section.2.1}{Gray Scale}{chapter.2}% 6
\BOOKMARK [1][-]{section.2.2}{Blur}{chapter.2}% 7
\BOOKMARK [2][-]{subsection.2.2.1}{Gaussian smoothing}{section.2.2}% 8
\BOOKMARK [1][-]{section.2.3}{Thresholding}{chapter.2}% 9
\BOOKMARK [1][-]{section.2.4}{Edge Detection}{chapter.2}% 10
\BOOKMARK [1][-]{section.2.5}{Contour}{chapter.2}% 11
\BOOKMARK [0][-]{chapter.3}{Literature Review}{}% 12
\BOOKMARK [1][-]{section.3.1}{Canny Edge Ditection}{chapter.3}% 13
\BOOKMARK [2][-]{subsection.3.1.1}{Canny Edge Ditection Algorithm}{section.3.1}% 14
\BOOKMARK [1][-]{Item.1}{Contours}{chapter.3}% 15
\BOOKMARK [1][-]{section.3.3}{Detecting shapes in images}{chapter.3}% 16
\BOOKMARK [2][-]{subsection.3.3.1}{Detection quadrilaterals}{section.3.3}% 17
\BOOKMARK [2][-]{subsection.3.3.2}{Detection Rectangles, squares, equilateral}{section.3.3}% 18
\BOOKMARK [1][-]{section.3.4}{Tesseract OCR Engine}{chapter.3}% 19
\BOOKMARK [2][-]{subsection.3.4.1}{What is Tesseract?}{section.3.4}% 20
\BOOKMARK [2][-]{subsection.3.4.2}{Architecture}{section.3.4}% 21
\BOOKMARK [2][-]{subsection.3.4.3}{Limitations of Tesseract}{section.3.4}% 22
\BOOKMARK [2][-]{subsection.3.4.4}{How does Tesseract work?}{section.3.4}% 23
